{"/home/my/Desktop/Monorepo/apps/task2/src/App.jsx": {"path":"/home/my/Desktop/Monorepo/apps/task2/src/App.jsx","statementMap":{"0":{"start":{"line":6,"column":28},"end":{"line":6,"column":39}},"1":{"start":{"line":7,"column":41},"end":{"line":7,"column":55}},"2":{"start":{"line":9,"column":21},"end":{"line":14,"column":3}},"3":{"start":{"line":10,"column":7},"end":{"line":10,"column":35}},"4":{"start":{"line":11,"column":18},"end":{"line":11,"column":62}},"5":{"start":{"line":11,"column":34},"end":{"line":11,"column":56}},"6":{"start":{"line":11,"column":49},"end":{"line":11,"column":55}},"7":{"start":{"line":12,"column":5},"end":{"line":12,"column":26}},"8":{"start":{"line":15,"column":20},"end":{"line":19,"column":3}},"9":{"start":{"line":16,"column":4},"end":{"line":16,"column":32}},"10":{"start":{"line":17,"column":4},"end":{"line":17,"column":25}},"11":{"start":{"line":20,"column":21},"end":{"line":24,"column":3}},"12":{"start":{"line":21,"column":5},"end":{"line":21,"column":33}},"13":{"start":{"line":22,"column":5},"end":{"line":22,"column":26}},"14":{"start":{"line":23,"column":6},"end":{"line":23,"column":17}},"15":{"start":{"line":25,"column":2},"end":{"line":39,"column":4}}},"fnMap":{"0":{"name":"App","decl":{"start":{"line":5,"column":24},"end":{"line":5,"column":27}},"loc":{"start":{"line":5,"column":30},"end":{"line":40,"column":1}},"line":5},"1":{"name":"(anonymous_1)","decl":{"start":{"line":9,"column":21},"end":{"line":9,"column":22}},"loc":{"start":{"line":9,"column":27},"end":{"line":14,"column":3}},"line":9},"2":{"name":"(anonymous_2)","decl":{"start":{"line":11,"column":30},"end":{"line":11,"column":31}},"loc":{"start":{"line":11,"column":34},"end":{"line":11,"column":56}},"line":11},"3":{"name":"(anonymous_3)","decl":{"start":{"line":11,"column":43},"end":{"line":11,"column":44}},"loc":{"start":{"line":11,"column":49},"end":{"line":11,"column":55}},"line":11},"4":{"name":"(anonymous_4)","decl":{"start":{"line":15,"column":20},"end":{"line":15,"column":21}},"loc":{"start":{"line":15,"column":26},"end":{"line":19,"column":3}},"line":15},"5":{"name":"(anonymous_5)","decl":{"start":{"line":20,"column":21},"end":{"line":20,"column":22}},"loc":{"start":{"line":20,"column":27},"end":{"line":24,"column":3}},"line":20}},"branchMap":{},"s":{"0":6,"1":6,"2":6,"3":1,"4":1,"5":1,"6":1,"7":1,"8":6,"9":1,"10":1,"11":6,"12":1,"13":1,"14":1,"15":6},"f":{"0":6,"1":1,"2":1,"3":1,"4":1,"5":1},"b":{},"_coverageSchema":"1a1c01bbd47fc00a2c39e90264f33305004495a9","hash":"d3595eea1c04116230fe80676b1bda6d17d95510"}
}
