<?xml version="1.0" encoding="UTF-8"?>
<coverage generated="1761800961740" clover="3.2.0">
  <project timestamp="1761800961740" name="All files">
    <metrics statements="9" coveredstatements="9" conditionals="2" coveredconditionals="2" methods="3" coveredmethods="3" elements="14" coveredelements="14" complexity="0" loc="9" ncloc="9" packages="1" files="1" classes="1"/>
    <file name="App.jsx" path="/home/my/Desktop/Monorepo/apps/task1/src/App.jsx">
      <metrics statements="9" coveredstatements="9" conditionals="2" coveredconditionals="2" methods="3" coveredmethods="3"/>
      <line num="5" count="6" type="stmt"/>
      <line num="10" count="6" type="stmt"/>
      <line num="13" count="6" type="stmt"/>
      <line num="14" count="3" type="stmt"/>
      <line num="21" count="6" type="stmt"/>
      <line num="22" count="2" type="stmt"/>
      <line num="23" count="2" type="stmt"/>
      <line num="24" count="2" type="stmt"/>
      <line num="27" count="6" type="stmt"/>
    </file>
  </project>
</coverage>
