{"/home/my/Desktop/Monorepo/apps/task1/src/App.jsx": {"path":"/home/my/Desktop/Monorepo/apps/task1/src/App.jsx","statementMap":{"0":{"start":{"line":5,"column":34},"end":{"line":9,"column":4}},"1":{"start":{"line":10,"column":33},"end":{"line":10,"column":48}},"2":{"start":{"line":13,"column":23},"end":{"line":19,"column":3}},"3":{"start":{"line":14,"column":4},"end":{"line":18,"column":6}},"4":{"start":{"line":21,"column":23},"end":{"line":26,"column":3}},"5":{"start":{"line":22,"column":4},"end":{"line":22,"column":26}},"6":{"start":{"line":23,"column":4},"end":{"line":23,"column":23}},"7":{"start":{"line":24,"column":4},"end":{"line":24,"column":21}},"8":{"start":{"line":27,"column":2},"end":{"line":70,"column":3}}},"fnMap":{"0":{"name":"App","decl":{"start":{"line":4,"column":9},"end":{"line":4,"column":12}},"loc":{"start":{"line":4,"column":15},"end":{"line":71,"column":1}},"line":4},"1":{"name":"(anonymous_1)","decl":{"start":{"line":13,"column":23},"end":{"line":13,"column":24}},"loc":{"start":{"line":13,"column":28},"end":{"line":19,"column":3}},"line":13},"2":{"name":"(anonymous_2)","decl":{"start":{"line":21,"column":23},"end":{"line":21,"column":24}},"loc":{"start":{"line":21,"column":28},"end":{"line":26,"column":3}},"line":21}},"branchMap":{"0":{"loc":{"start":{"line":56,"column":7},"end":{"line":65,"column":7}},"type":"binary-expr","locations":[{"start":{"line":56,"column":7},"end":{"line":56,"column":15}},{"start":{"line":57,"column":8},"end":{"line":64,"column":14}}],"line":56}},"s":{"0":6,"1":6,"2":6,"3":3,"4":6,"5":2,"6":2,"7":2,"8":6},"f":{"0":6,"1":3,"2":2},"b":{"0":[6,2]},"_coverageSchema":"1a1c01bbd47fc00a2c39e90264f33305004495a9","hash":"5371fb9823eabf19a81a92a5265c8cacca8b0011"}
}
